<?xml version="1.0" encoding="UTF-8"?>
<!-- Generated by org.testng.reporters.JUnitXMLReporter -->
<testsuite ignored="1" hostname="Syeds-MBP" failures="1" tests="2" name="HomePage-CreateAccount" time="3.047" errors="0" timestamp="26 May 2023 21:21:07 GMT">
  <testcase classname="test.HomePageTest" name="hpTest" time="0.112"/>
  <testcase classname="test.CreatePageTest" name="createAccountPageTest" time="2.48">
    <failure type="org.openqa.selenium.NoSuchElementException" message="Cannot locate element with text: May
For documentation on this error, please visit: http://seleniumhq.org/exceptions/no_such_element.html
Build info: version: &amp;apos;3.14.0&amp;apos;, revision: &amp;apos;aacccce0&amp;apos;, time: &amp;apos;2018-08-02T20:19:58.91Z&amp;apos;
System info: host: &amp;apos;Syeds-MBP&amp;apos;, ip: &amp;apos;fe80:0:0:0:cf5:ac8f:a40d:1172%en0&amp;apos;, os.name: &amp;apos;Mac OS X&amp;apos;, os.arch: &amp;apos;x86_64&amp;apos;, os.version: &amp;apos;13.3.1&amp;apos;, java.version: &amp;apos;18.0.1&amp;apos;
Driver info: driver.version: unknown">
      <![CDATA[org.openqa.selenium.NoSuchElementException: Cannot locate element with text: May
For documentation on this error, please visit: http://seleniumhq.org/exceptions/no_such_element.html
Build info: version: '3.14.0', revision: 'aacccce0', time: '2018-08-02T20:19:58.91Z'
System info: host: 'Syeds-MBP', ip: 'fe80:0:0:0:cf5:ac8f:a40d:1172%en0', os.name: 'Mac OS X', os.arch: 'x86_64', os.version: '13.3.1', java.version: '18.0.1'
Driver info: driver.version: unknown
	at org.openqa.selenium.support.ui.Select.selectByVisibleText(Select.java:151)
	at page.CreateAccountPage.selectMonth(CreateAccountPage.java:45)
	at test.CreatePageTest.createAccountPageTest(CreatePageTest.java:21)
... Removed 23 stack frames]]>
    </failure>
  </testcase> <!-- createAccountPageTest -->
  <testcase classname="test.BaseTest" name="@BeforeSuite setUp" time="0.0">
    <ignored/>
  </testcase> <!-- @BeforeSuite setUp -->
</testsuite> <!-- HomePage-CreateAccount -->
